Wed, 22 Sep 2021 14:16:41 GMT | INFO  | Server is running on port: 3000
Wed, 22 Sep 2021 14:39:44 GMT | INFO  | Server is running on port: 3000
Wed, 22 Sep 2021 14:40:05 GMT | INFO  | Server is running on port: 3000
Wed, 22 Sep 2021 14:40:35 GMT | INFO  | Server is running on port: 3000
Thu, 23 Sep 2021 06:38:44 GMT | INFO  | Server is running on port: 3000
Thu, 23 Sep 2021 06:42:09 GMT | INFO  | Server is running on port: 3000
Thu, 23 Sep 2021 06:46:00 GMT | INFO  | Server is running on port: 3000
Thu, 23 Sep 2021 07:03:36 GMT | INFO  | Server is running on port: 3000
Thu, 23 Sep 2021 07:04:44 GMT | INFO  | Server is running on port: 3000
Thu, 23 Sep 2021 07:25:14 GMT | INFO  | Server is running on port: 3000
Fri, 01 Oct 2021 14:32:57 GMT | INFO  | Server is running on port: 3000
Fri, 01 Oct 2021 14:32:58 GMT | INFO  | Connected to database
Thu, 18 Nov 2021 19:18:55 GMT | INFO  | Server is running on port: 3000
Thu, 18 Nov 2021 19:18:55 GMT | INFO  | Connected to database
Mon, 22 Nov 2021 20:05:01 GMT | INFO  | Server is running on port: 3000
Mon, 22 Nov 2021 20:05:01 GMT | INFO  | Connected to database
Sun, 28 Nov 2021 12:58:51 GMT | INFO  | Server is running on port: 3000
Sun, 28 Nov 2021 13:00:00 GMT | INFO  | Server is running on port: 3000
Sun, 28 Nov 2021 13:01:03 GMT | INFO  | Server is running on port: 3000
Sun, 28 Nov 2021 13:22:41 GMT | INFO  | Server is running on port: 3000
Sun, 28 Nov 2021 13:34:49 GMT | INFO  | Server is running on port: 3000
Sun, 28 Nov 2021 13:34:49 GMT | INFO  | Connected to database
Sun, 28 Nov 2021 15:43:41 GMT | INFO  | Server is running on port: 3000
Sun, 28 Nov 2021 15:43:41 GMT | INFO  | Connected to database
Sun, 28 Nov 2021 16:58:19 GMT | INFO  | Server is running on port: 3000
Sun, 28 Nov 2021 16:58:19 GMT | INFO  | Connected to database
Sun, 28 Nov 2021 17:05:28 GMT | INFO  | Server is running on port: 3000
Sun, 28 Nov 2021 17:05:28 GMT | INFO  | Connected to database
Sun, 28 Nov 2021 17:10:57 GMT | INFO  | Server is running on port: 3000
Sun, 28 Nov 2021 17:10:57 GMT | INFO  | Connected to database
Sun, 28 Nov 2021 22:20:35 GMT | INFO  | Server is running on port: 3000
Sun, 28 Nov 2021 22:20:35 GMT | INFO  | Connected to database
